<?xml version="1.0" encoding="UTF-8"?>
<testsuite name="com.jiesa.xvideocatcher.hook.HostShapesTest" tests="9" skipped="0" failures="0" errors="0" timestamp="2026-08-02T09:27:58" hostname="72194d6f64f9" time="0.005">
  <properties/>
  <testcase name="unique field of type searches superclasses" classname="com.jiesa.xvideocatcher.hook.HostShapesTest" time="0.001"/>
  <testcase name="variant url and bitrate are read without knowing field names" classname="com.jiesa.xvideocatcher.hook.HostShapesTest" time="0.001"/>
  <testcase name="content type is not mistaken for the url" classname="com.jiesa.xvideocatcher.hook.HostShapesTest" time="0.0"/>
  <testcase name="unrelated enum is not mistaken for the media type" classname="com.jiesa.xvideocatcher.hook.HostShapesTest" time="0.001"/>
  <testcase name="video info field is found by its two-float-one-list shape" classname="com.jiesa.xvideocatcher.hook.HostShapesTest" time="0.001"/>
  <testcase name="variants list is the single list on video info" classname="com.jiesa.xvideocatcher.hook.HostShapesTest" time="0.0"/>
  <testcase name="ambiguous list is refused rather than guessed" classname="com.jiesa.xvideocatcher.hook.HostShapesTest" time="0.0"/>
  <testcase name="media type field is found by enum constants not by name" classname="com.jiesa.xvideocatcher.hook.HostShapesTest" time="0.0"/>
  <testcase name="variant with no url yields null" classname="com.jiesa.xvideocatcher.hook.HostShapesTest" time="0.001"/>
  <system-out><![CDATA[]]></system-out>
  <system-err><![CDATA[]]></system-err>
</testsuite>
