<?xml version="1.0" encoding="UTF-8"?>
<testsuite name="com.jiesa.xvideocatcher.DownloadTargetTest" tests="9" skipped="0" failures="0" errors="0" timestamp="2026-08-02T09:27:58" hostname="72194d6f64f9" time="0.019">
  <properties/>
  <testcase name="video name carries resolution" classname="com.jiesa.xvideocatcher.DownloadTargetTest" time="0.007"/>
  <testcase name="webp thumbnail is saved as jpeg" classname="com.jiesa.xvideocatcher.DownloadTargetTest" time="0.005"/>
  <testcase name="png keeps its format and mime" classname="com.jiesa.xvideocatcher.DownloadTargetTest" time="0.001"/>
  <testcase name="names are filesystem safe" classname="com.jiesa.xvideocatcher.DownloadTargetTest" time="0.0"/>
  <testcase name="different videos get different names" classname="com.jiesa.xvideocatcher.DownloadTargetTest" time="0.0"/>
  <testcase name="photo name is stable across renditions of the same image" classname="com.jiesa.xvideocatcher.DownloadTargetTest" time="0.0"/>
  <testcase name="photo with extension instead of format parameter" classname="com.jiesa.xvideocatcher.DownloadTargetTest" time="0.003"/>
  <testcase name="non photo url yields no spec" classname="com.jiesa.xvideocatcher.DownloadTargetTest" time="0.001"/>
  <testcase name="video name omits unknown resolution" classname="com.jiesa.xvideocatcher.DownloadTargetTest" time="0.0"/>
  <system-out><![CDATA[]]></system-out>
  <system-err><![CDATA[]]></system-err>
</testsuite>
