<?xml version="1.0" encoding="UTF-8"?>
<testsuite name="com.jiesa.xvideocatcher.DiagLogTest" tests="7" skipped="0" failures="0" errors="0" timestamp="2026-08-02T09:27:58" hostname="72194d6f64f9" time="0.044">
  <properties/>
  <testcase name="advertised path is the sink path" classname="com.jiesa.xvideocatcher.DiagLogTest" time="0.016"/>
  <testcase name="records logged before the sink is available survive until it is" classname="com.jiesa.xvideocatcher.DiagLogTest" time="0.011"/>
  <testcase name="lines carry a timestamp and the session tag" classname="com.jiesa.xvideocatcher.DiagLogTest" time="0.002"/>
  <testcase name="a successful write does not re-emit already written records" classname="com.jiesa.xvideocatcher.DiagLogTest" time="0.0"/>
  <testcase name="the queue is bounded and drops oldest under flood" classname="com.jiesa.xvideocatcher.DiagLogTest" time="0.012"/>
  <testcase name="records are persisted in order" classname="com.jiesa.xvideocatcher.DiagLogTest" time="0.0"/>
  <testcase name="a failing writer keeps records queued for retry" classname="com.jiesa.xvideocatcher.DiagLogTest" time="0.001"/>
  <system-out><![CDATA[]]></system-out>
  <system-err><![CDATA[]]></system-err>
</testsuite>
